0 info it worked if it ends with ok
1 verbose cli [ '/Users/jedwards/.nvm/versions/node/v6.9.1/bin/node',
1 verbose cli   '/Users/jedwards/.nvm/versions/node/v6.9.1/bin/npm',
1 verbose cli   'publish' ]
2 info using npm@3.10.8
3 info using node@v6.9.1
4 verbose publish [ '.' ]
5 silly cache add args [ '.', null ]
6 verbose cache add spec .
7 silly cache add parsed spec Result {
7 silly cache add   raw: '.',
7 silly cache add   scope: null,
7 silly cache add   escapedName: null,
7 silly cache add   name: null,
7 silly cache add   rawSpec: '.',
7 silly cache add   spec: '/Users/jedwards/sites/cli-rxss-native',
7 silly cache add   type: 'directory' }
8 verbose addLocalDirectory /Users/jedwards/.npm/cli-rxss-native/2.0.8/package.tgz not in flight; packing
9 verbose correctMkdir /Users/jedwards/.npm correctMkdir not in flight; initializing
10 info lifecycle cli-rxss-native@2.0.8~prepublish: cli-rxss-native@2.0.8
11 silly lifecycle cli-rxss-native@2.0.8~prepublish: no script for prepublish, continuing
12 verbose tar pack [ '/Users/jedwards/.npm/cli-rxss-native/2.0.8/package.tgz',
12 verbose tar pack   '/Users/jedwards/sites/cli-rxss-native' ]
13 verbose tarball /Users/jedwards/.npm/cli-rxss-native/2.0.8/package.tgz
14 verbose folder /Users/jedwards/sites/cli-rxss-native
15 verbose addLocalTarball adding from inside cache /Users/jedwards/.npm/cli-rxss-native/2.0.8/package.tgz
16 verbose correctMkdir /Users/jedwards/.npm correctMkdir not in flight; initializing
17 silly cache afterAdd cli-rxss-native@2.0.8
18 verbose afterAdd /Users/jedwards/.npm/cli-rxss-native/2.0.8/package/package.json not in flight; writing
19 verbose correctMkdir /Users/jedwards/.npm correctMkdir not in flight; initializing
20 verbose afterAdd /Users/jedwards/.npm/cli-rxss-native/2.0.8/package/package.json written
21 silly publish { name: 'cli-rxss-native',
21 silly publish   version: '2.0.8',
21 silly publish   description: 'Cli for white-label native app',
21 silly publish   main: 'index.js',
21 silly publish   author: { name: 'Joshua Edwards' },
21 silly publish   url: 'https://github.com/pandadragoon/cli-rxss',
21 silly publish   license: 'MIT',
21 silly publish   dependencies:
21 silly publish    { 'app-root-path': '^2.0.1',
21 silly publish      commander: '^2.9.0',
21 silly publish      shelljs: '^0.7.5',
21 silly publish      yargs: '^6.5.0' },
21 silly publish   bin: { 'rxss-native': 'bin/execute.js' },
21 silly publish   readme: '# README\n\n## RXSS  Generator\n\nThe rxss generator generates components, class-components, containers, & stores based off of react and mobx. It is assumed that the file structure is the following\n\n```\n. [project folder]\n+-- src\n| +-- components\n| | +-- android\n| | +-- ios \n| | +-- shared\n| +-- containers \n| +-- stores\n+-- test\n| +-- components\n| +-- containers\n| +-- stores\n```\n\n### Installing\n\n``` npm i cli-rxss-native -D ``` or ``` yarn add cli-rxss-native -D ```\n``` npm i -g cli-rxss-native ```\n\n### Commands\n\n```rxss-native -g [type] -n [name]```\n\nIf you are specifying a component (i.e. not a container or store) you must also include ```-t [target]```\n\nThe target can be ios, android, or shared.\n\n**The name must either be all lower case or snake-case-syntax in order to name the files properly**\n\n### Available Types\n * component -> Creates a functional react component with spec file.\n * component:mobx -> Creates a functional react component wrapped in mobx-react observer with spec file.\n * class-component -> Creates a class based react component with spec file.\n * class-component:mobx -> Creates a class based react component wrapped in mobx-react observer with spec file.\n * container -> Creates a container react component with spec file.\n * container:mobx -> Creates a container react component wrapped in mobx-react observer with spec file.\n * store -> Creates a mob-x store with spec file.\n\n',
21 silly publish   readmeFilename: 'README.md',
21 silly publish   gitHead: '7dc1c5be0079bdbec839bd1fe9e6de61f05ac603',
21 silly publish   _id: 'cli-rxss-native@2.0.8',
21 silly publish   scripts: {},
21 silly publish   _shasum: '6ad9ff5cba7a8834b9fae3b862e6e4facc3c9e1f',
21 silly publish   _from: '.' }
22 verbose getPublishConfig undefined
23 silly mapToRegistry name cli-rxss-native
24 silly mapToRegistry using default registry
25 silly mapToRegistry registry https://registry.npmjs.org/
26 silly mapToRegistry data Result {
26 silly mapToRegistry   raw: 'cli-rxss-native',
26 silly mapToRegistry   scope: null,
26 silly mapToRegistry   escapedName: 'cli-rxss-native',
26 silly mapToRegistry   name: 'cli-rxss-native',
26 silly mapToRegistry   rawSpec: '',
26 silly mapToRegistry   spec: 'latest',
26 silly mapToRegistry   type: 'tag' }
27 silly mapToRegistry uri https://registry.npmjs.org/cli-rxss-native
28 verbose publish registryBase https://registry.npmjs.org/
29 silly publish uploading /Users/jedwards/.npm/cli-rxss-native/2.0.8/package.tgz
30 verbose request uri https://registry.npmjs.org/cli-rxss-native
31 verbose request sending authorization for write operation
32 info attempt registry request try #1 at 11:03:09 AM
33 verbose request using bearer token for auth
34 verbose request id cb141808a2100fe2
35 http request PUT https://registry.npmjs.org/cli-rxss-native
36 http 403 https://registry.npmjs.org/cli-rxss-native
37 verbose headers { 'content-type': 'application/json',
37 verbose headers   'cache-control': 'max-age=300',
37 verbose headers   'content-length': '95',
37 verbose headers   'accept-ranges': 'bytes',
37 verbose headers   date: 'Mon, 19 Dec 2016 17:03:09 GMT',
37 verbose headers   via: '1.1 varnish',
37 verbose headers   connection: 'keep-alive',
37 verbose headers   'x-served-by': 'cache-ord1732-ORD',
37 verbose headers   'x-cache': 'MISS',
37 verbose headers   'x-cache-hits': '0',
37 verbose headers   'x-timer': 'S1482166989.229882,VS0,VE641',
37 verbose headers   vary: 'Accept-Encoding' }
38 verbose request invalidating /Users/jedwards/.npm/registry.npmjs.org/cli-rxss-native on PUT
39 error publish Failed PUT 403
40 verbose stack Error: "You cannot publish over the previously published version 2.0.8." : cli-rxss-native
40 verbose stack     at makeError (/Users/jedwards/.nvm/versions/node/v6.9.1/lib/node_modules/npm/node_modules/npm-registry-client/lib/request.js:302:12)
40 verbose stack     at CachingRegistryClient.<anonymous> (/Users/jedwards/.nvm/versions/node/v6.9.1/lib/node_modules/npm/node_modules/npm-registry-client/lib/request.js:290:14)
40 verbose stack     at Request._callback (/Users/jedwards/.nvm/versions/node/v6.9.1/lib/node_modules/npm/node_modules/npm-registry-client/lib/request.js:210:14)
40 verbose stack     at Request.self.callback (/Users/jedwards/.nvm/versions/node/v6.9.1/lib/node_modules/npm/node_modules/request/request.js:187:22)
40 verbose stack     at emitTwo (events.js:106:13)
40 verbose stack     at Request.emit (events.js:191:7)
40 verbose stack     at Request.<anonymous> (/Users/jedwards/.nvm/versions/node/v6.9.1/lib/node_modules/npm/node_modules/request/request.js:1044:10)
40 verbose stack     at emitOne (events.js:96:13)
40 verbose stack     at Request.emit (events.js:188:7)
40 verbose stack     at IncomingMessage.<anonymous> (/Users/jedwards/.nvm/versions/node/v6.9.1/lib/node_modules/npm/node_modules/request/request.js:965:12)
41 verbose statusCode 403
42 verbose pkgid cli-rxss-native
43 verbose cwd /Users/jedwards/sites/cli-rxss-native
44 error Darwin 16.1.0
45 error argv "/Users/jedwards/.nvm/versions/node/v6.9.1/bin/node" "/Users/jedwards/.nvm/versions/node/v6.9.1/bin/npm" "publish"
46 error node v6.9.1
47 error npm  v3.10.8
48 error code E403
49 error "You cannot publish over the previously published version 2.0.8." : cli-rxss-native
50 error If you need help, you may report this error at:
50 error     <https://github.com/npm/npm/issues>
51 verbose exit [ 1, true ]
